<?xml version="1.0" encoding="UTF-8"?>
<coverage generated="1749062461161" clover="3.2.0">
  <project timestamp="1749062461161" name="All files">
    <metrics statements="68" coveredstatements="37" conditionals="24" coveredconditionals="1" methods="16" coveredmethods="1" elements="108" coveredelements="39" complexity="0" loc="68" ncloc="68" packages="1" files="5" classes="5"/>
    <file name="ActivityLog.js" path="C:\Users\a\OneDrive\Bureau\MONGODB\Models\ActivityLog.js">
      <metrics statements="11" coveredstatements="6" conditionals="5" coveredconditionals="0" methods="2" coveredmethods="0"/>
      <line num="1" count="1" type="stmt"/>
      <line num="3" count="1" type="stmt"/>
      <line num="13" count="1" type="stmt"/>
      <line num="16" count="1" type="cond" truecount="0" falsecount="1"/>
      <line num="17" count="0" type="stmt"/>
      <line num="24" count="0" type="stmt"/>
      <line num="28" count="1" type="stmt"/>
      <line num="29" count="0" type="cond" truecount="0" falsecount="4"/>
      <line num="30" count="0" type="stmt"/>
      <line num="32" count="0" type="stmt"/>
      <line num="35" count="1" type="stmt"/>
    </file>
    <file name="Assignment.js" path="C:\Users\a\OneDrive\Bureau\MONGODB\Models\Assignment.js">
      <metrics statements="12" coveredstatements="7" conditionals="6" coveredconditionals="0" methods="3" coveredmethods="0"/>
      <line num="1" count="1" type="stmt"/>
      <line num="3" count="1" type="stmt"/>
      <line num="21" count="1" type="stmt"/>
      <line num="24" count="1" type="stmt"/>
      <line num="25" count="0" type="stmt"/>
      <line num="41" count="1" type="stmt"/>
      <line num="42" count="0" type="stmt"/>
      <line num="56" count="1" type="stmt"/>
      <line num="57" count="0" type="cond" truecount="0" falsecount="4"/>
      <line num="58" count="0" type="stmt"/>
      <line num="60" count="0" type="stmt"/>
      <line num="63" count="1" type="stmt"/>
    </file>
    <file name="File.js" path="C:\Users\a\OneDrive\Bureau\MONGODB\Models\File.js">
      <metrics statements="12" coveredstatements="5" conditionals="3" coveredconditionals="0" methods="3" coveredmethods="0"/>
      <line num="1" count="2" type="stmt"/>
      <line num="2" count="2" type="stmt"/>
      <line num="4" count="2" type="stmt"/>
      <line num="12" count="2" type="cond" truecount="0" falsecount="1"/>
      <line num="13" count="0" type="cond" truecount="0" falsecount="2"/>
      <line num="14" count="0" type="stmt"/>
      <line num="17" count="0" type="stmt"/>
      <line num="21" count="0" type="stmt"/>
      <line num="22" count="0" type="stmt"/>
      <line num="26" count="0" type="stmt"/>
      <line num="29" count="0" type="stmt"/>
      <line num="38" count="2" type="stmt"/>
    </file>
    <file name="Forum.js" path="C:\Users\a\OneDrive\Bureau\MONGODB\Models\Forum.js">
      <metrics statements="18" coveredstatements="7" conditionals="8" coveredconditionals="0" methods="5" coveredmethods="0"/>
      <line num="1" count="1" type="stmt"/>
      <line num="3" count="1" type="stmt"/>
      <line num="21" count="1" type="stmt"/>
      <line num="24" count="1" type="stmt"/>
      <line num="25" count="0" type="stmt"/>
      <line num="40" count="1" type="stmt"/>
      <line num="41" count="0" type="stmt"/>
      <line num="56" count="1" type="stmt"/>
      <line num="57" count="0" type="cond" truecount="0" falsecount="2"/>
      <line num="58" count="0" type="stmt"/>
      <line num="59" count="0" type="cond" truecount="0" falsecount="2"/>
      <line num="60" count="0" type="stmt"/>
      <line num="62" count="0" type="cond" truecount="0" falsecount="2"/>
      <line num="63" count="0" type="stmt"/>
      <line num="64" count="0" type="cond" truecount="0" falsecount="2"/>
      <line num="65" count="0" type="stmt"/>
      <line num="71" count="0" type="stmt"/>
      <line num="74" count="1" type="stmt"/>
    </file>
    <file name="User.js" path="C:\Users\a\OneDrive\Bureau\MONGODB\Models\User.js">
      <metrics statements="15" coveredstatements="12" conditionals="2" coveredconditionals="1" methods="3" coveredmethods="1"/>
      <line num="1" count="4" type="stmt"/>
      <line num="2" count="4" type="stmt"/>
      <line num="4" count="4" type="stmt"/>
      <line num="14" count="4" type="stmt"/>
      <line num="15" count="6" type="cond" truecount="1" falsecount="1"/>
      <line num="17" count="6" type="stmt"/>
      <line num="18" count="6" type="stmt"/>
      <line num="19" count="6" type="stmt"/>
      <line num="20" count="6" type="stmt"/>
      <line num="22" count="0" type="stmt"/>
      <line num="27" count="4" type="stmt"/>
      <line num="28" count="0" type="stmt"/>
      <line num="32" count="4" type="stmt"/>
      <line num="33" count="0" type="stmt"/>
      <line num="40" count="4" type="stmt"/>
    </file>
  </project>
</coverage>
