{"C:\\Users\\a\\OneDrive\\Bureau\\MONGODB\\Models\\ActivityLog.js": {"path":"C:\\Users\\a\\OneDrive\\Bureau\\MONGODB\\Models\\ActivityLog.js","statementMap":{"0":{"start":{"line":1,"column":17},"end":{"line":1,"column":36}},"1":{"start":{"line":3,"column":26},"end":{"line":10,"column":2}},"2":{"start":{"line":13,"column":0},"end":{"line":13,"column":54}},"3":{"start":{"line":16,"column":0},"end":{"line":25,"column":2}},"4":{"start":{"line":17,"column":14},"end":{"line":23,"column":4}},"5":{"start":{"line":24,"column":2},"end":{"line":24,"column":26}},"6":{"start":{"line":28,"column":0},"end":{"line":33,"column":3}},"7":{"start":{"line":29,"column":2},"end":{"line":31,"column":3}},"8":{"start":{"line":30,"column":4},"end":{"line":30,"column":106}},"9":{"start":{"line":32,"column":2},"end":{"line":32,"column":9}},"10":{"start":{"line":35,"column":0},"end":{"line":35,"column":66}}},"fnMap":{"0":{"name":"(anonymous_0)","decl":{"start":{"line":16,"column":40},"end":{"line":16,"column":41}},"loc":{"start":{"line":16,"column":86},"end":{"line":25,"column":1}},"line":16},"1":{"name":"(anonymous_1)","decl":{"start":{"line":28,"column":30},"end":{"line":28,"column":31}},"loc":{"start":{"line":28,"column":45},"end":{"line":33,"column":1}},"line":28}},"branchMap":{"0":{"loc":{"start":{"line":16,"column":71},"end":{"line":16,"column":84}},"type":"default-arg","locations":[{"start":{"line":16,"column":82},"end":{"line":16,"column":84}}],"line":16},"1":{"loc":{"start":{"line":29,"column":2},"end":{"line":31,"column":3}},"type":"if","locations":[{"start":{"line":29,"column":2},"end":{"line":31,"column":3}},{"start":{},"end":{}}],"line":29},"2":{"loc":{"start":{"line":29,"column":6},"end":{"line":29,"column":66}},"type":"binary-expr","locations":[{"start":{"line":29,"column":6},"end":{"line":29,"column":19}},{"start":{"line":29,"column":23},"end":{"line":29,"column":66}}],"line":29}},"s":{"0":1,"1":1,"2":1,"3":1,"4":0,"5":0,"6":1,"7":0,"8":0,"9":0,"10":1},"f":{"0":0,"1":0},"b":{"0":[0],"1":[0,0],"2":[0,0]},"_coverageSchema":"1a1c01bbd47fc00a2c39e90264f33305004495a9","hash":"6b1c68c297822b4d855e68b43c3c014b78d19dbb"}
,"C:\\Users\\a\\OneDrive\\Bureau\\MONGODB\\Models\\Assignment.js": {"path":"C:\\Users\\a\\OneDrive\\Bureau\\MONGODB\\Models\\Assignment.js","statementMap":{"0":{"start":{"line":1,"column":17},"end":{"line":1,"column":36}},"1":{"start":{"line":3,"column":25},"end":{"line":18,"column":2}},"2":{"start":{"line":21,"column":0},"end":{"line":21,"column":52}},"3":{"start":{"line":24,"column":0},"end":{"line":38,"column":2}},"4":{"start":{"line":25,"column":2},"end":{"line":37,"column":4}},"5":{"start":{"line":41,"column":0},"end":{"line":53,"column":2}},"6":{"start":{"line":42,"column":2},"end":{"line":52,"column":4}},"7":{"start":{"line":56,"column":0},"end":{"line":61,"column":3}},"8":{"start":{"line":57,"column":2},"end":{"line":59,"column":3}},"9":{"start":{"line":58,"column":4},"end":{"line":58,"column":54}},"10":{"start":{"line":60,"column":2},"end":{"line":60,"column":9}},"11":{"start":{"line":63,"column":0},"end":{"line":63,"column":64}}},"fnMap":{"0":{"name":"(anonymous_0)","decl":{"start":{"line":24,"column":41},"end":{"line":24,"column":42}},"loc":{"start":{"line":24,"column":89},"end":{"line":38,"column":1}},"line":24},"1":{"name":"(anonymous_1)","decl":{"start":{"line":41,"column":43},"end":{"line":41,"column":44}},"loc":{"start":{"line":41,"column":103},"end":{"line":53,"column":1}},"line":41},"2":{"name":"(anonymous_2)","decl":{"start":{"line":56,"column":29},"end":{"line":56,"column":30}},"loc":{"start":{"line":56,"column":44},"end":{"line":61,"column":1}},"line":56}},"branchMap":{"0":{"loc":{"start":{"line":32,"column":18},"end":{"line":32,"column":64}},"type":"cond-expr","locations":[{"start":{"line":32,"column":46},"end":{"line":32,"column":52}},{"start":{"line":32,"column":55},"end":{"line":32,"column":64}}],"line":32},"1":{"loc":{"start":{"line":57,"column":2},"end":{"line":59,"column":3}},"type":"if","locations":[{"start":{"line":57,"column":2},"end":{"line":59,"column":3}},{"start":{},"end":{}}],"line":57},"2":{"loc":{"start":{"line":57,"column":6},"end":{"line":57,"column":47}},"type":"binary-expr","locations":[{"start":{"line":57,"column":6},"end":{"line":57,"column":18}},{"start":{"line":57,"column":22},"end":{"line":57,"column":47}}],"line":57}},"s":{"0":1,"1":1,"2":1,"3":1,"4":0,"5":1,"6":0,"7":1,"8":0,"9":0,"10":0,"11":1},"f":{"0":0,"1":0,"2":0},"b":{"0":[0,0],"1":[0,0],"2":[0,0]},"_coverageSchema":"1a1c01bbd47fc00a2c39e90264f33305004495a9","hash":"5190178de226239655bbebf3f8c0c26d856ea5ca"}
,"C:\\Users\\a\\OneDrive\\Bureau\\MONGODB\\Models\\File.js": {"path":"C:\\Users\\a\\OneDrive\\Bureau\\MONGODB\\Models\\File.js","statementMap":{"0":{"start":{"line":1,"column":17},"end":{"line":1,"column":36}},"1":{"start":{"line":2,"column":25},"end":{"line":2,"column":43}},"2":{"start":{"line":4,"column":19},"end":{"line":10,"column":2}},"3":{"start":{"line":12,"column":0},"end":{"line":36,"column":2}},"4":{"start":{"line":13,"column":2},"end":{"line":15,"column":3}},"5":{"start":{"line":14,"column":4},"end":{"line":14,"column":58}},"6":{"start":{"line":17,"column":17},"end":{"line":19,"column":4}},"7":{"start":{"line":21,"column":2},"end":{"line":35,"column":5}},"8":{"start":{"line":22,"column":25},"end":{"line":24,"column":6}},"9":{"start":{"line":26,"column":4},"end":{"line":34,"column":9}},"10":{"start":{"line":29,"column":8},"end":{"line":33,"column":11}},"11":{"start":{"line":38,"column":0},"end":{"line":38,"column":52}}},"fnMap":{"0":{"name":"(anonymous_0)","decl":{"start":{"line":12,"column":38},"end":{"line":12,"column":39}},"loc":{"start":{"line":12,"column":90},"end":{"line":36,"column":1}},"line":12},"1":{"name":"(anonymous_1)","decl":{"start":{"line":21,"column":21},"end":{"line":21,"column":22}},"loc":{"start":{"line":21,"column":42},"end":{"line":35,"column":3}},"line":21},"2":{"name":"(anonymous_2)","decl":{"start":{"line":28,"column":20},"end":{"line":28,"column":21}},"loc":{"start":{"line":28,"column":26},"end":{"line":34,"column":7}},"line":28}},"branchMap":{"0":{"loc":{"start":{"line":12,"column":75},"end":{"line":12,"column":88}},"type":"default-arg","locations":[{"start":{"line":12,"column":86},"end":{"line":12,"column":88}}],"line":12},"1":{"loc":{"start":{"line":13,"column":2},"end":{"line":15,"column":3}},"type":"if","locations":[{"start":{"line":13,"column":2},"end":{"line":15,"column":3}},{"start":{},"end":{}}],"line":13}},"s":{"0":2,"1":2,"2":2,"3":2,"4":0,"5":0,"6":0,"7":0,"8":0,"9":0,"10":0,"11":2},"f":{"0":0,"1":0,"2":0},"b":{"0":[0],"1":[0,0]},"_coverageSchema":"1a1c01bbd47fc00a2c39e90264f33305004495a9","hash":"b0dbac9adf23902a6d5b246f1830a41428905bfa"}
,"C:\\Users\\a\\OneDrive\\Bureau\\MONGODB\\Models\\Forum.js": {"path":"C:\\Users\\a\\OneDrive\\Bureau\\MONGODB\\Models\\Forum.js","statementMap":{"0":{"start":{"line":1,"column":17},"end":{"line":1,"column":36}},"1":{"start":{"line":3,"column":20},"end":{"line":18,"column":2}},"2":{"start":{"line":21,"column":0},"end":{"line":21,"column":50}},"3":{"start":{"line":24,"column":0},"end":{"line":37,"column":2}},"4":{"start":{"line":25,"column":2},"end":{"line":36,"column":4}},"5":{"start":{"line":40,"column":0},"end":{"line":53,"column":2}},"6":{"start":{"line":41,"column":2},"end":{"line":52,"column":4}},"7":{"start":{"line":56,"column":0},"end":{"line":72,"column":3}},"8":{"start":{"line":57,"column":2},"end":{"line":70,"column":3}},"9":{"start":{"line":58,"column":4},"end":{"line":69,"column":7}},"10":{"start":{"line":59,"column":6},"end":{"line":61,"column":7}},"11":{"start":{"line":60,"column":8},"end":{"line":60,"column":43}},"12":{"start":{"line":62,"column":6},"end":{"line":68,"column":7}},"13":{"start":{"line":63,"column":8},"end":{"line":67,"column":11}},"14":{"start":{"line":64,"column":10},"end":{"line":66,"column":11}},"15":{"start":{"line":65,"column":12},"end":{"line":65,"column":49}},"16":{"start":{"line":71,"column":2},"end":{"line":71,"column":9}},"17":{"start":{"line":74,"column":0},"end":{"line":74,"column":54}}},"fnMap":{"0":{"name":"(anonymous_0)","decl":{"start":{"line":24,"column":30},"end":{"line":24,"column":31}},"loc":{"start":{"line":24,"column":73},"end":{"line":37,"column":1}},"line":24},"1":{"name":"(anonymous_1)","decl":{"start":{"line":40,"column":31},"end":{"line":40,"column":32}},"loc":{"start":{"line":40,"column":82},"end":{"line":53,"column":1}},"line":40},"2":{"name":"(anonymous_2)","decl":{"start":{"line":56,"column":24},"end":{"line":56,"column":25}},"loc":{"start":{"line":56,"column":39},"end":{"line":72,"column":1}},"line":56},"3":{"name":"(anonymous_3)","decl":{"start":{"line":58,"column":23},"end":{"line":58,"column":24}},"loc":{"start":{"line":58,"column":31},"end":{"line":69,"column":5}},"line":58},"4":{"name":"(anonymous_4)","decl":{"start":{"line":63,"column":29},"end":{"line":63,"column":30}},"loc":{"start":{"line":63,"column":38},"end":{"line":67,"column":9}},"line":63}},"branchMap":{"0":{"loc":{"start":{"line":57,"column":2},"end":{"line":70,"column":3}},"type":"if","locations":[{"start":{"line":57,"column":2},"end":{"line":70,"column":3}},{"start":{},"end":{}}],"line":57},"1":{"loc":{"start":{"line":59,"column":6},"end":{"line":61,"column":7}},"type":"if","locations":[{"start":{"line":59,"column":6},"end":{"line":61,"column":7}},{"start":{},"end":{}}],"line":59},"2":{"loc":{"start":{"line":62,"column":6},"end":{"line":68,"column":7}},"type":"if","locations":[{"start":{"line":62,"column":6},"end":{"line":68,"column":7}},{"start":{},"end":{}}],"line":62},"3":{"loc":{"start":{"line":64,"column":10},"end":{"line":66,"column":11}},"type":"if","locations":[{"start":{"line":64,"column":10},"end":{"line":66,"column":11}},{"start":{},"end":{}}],"line":64}},"s":{"0":1,"1":1,"2":1,"3":1,"4":0,"5":1,"6":0,"7":1,"8":0,"9":0,"10":0,"11":0,"12":0,"13":0,"14":0,"15":0,"16":0,"17":1},"f":{"0":0,"1":0,"2":0,"3":0,"4":0},"b":{"0":[0,0],"1":[0,0],"2":[0,0],"3":[0,0]},"_coverageSchema":"1a1c01bbd47fc00a2c39e90264f33305004495a9","hash":"3c5ac43930dd05a1b924633ff1786a0929130eca"}
,"C:\\Users\\a\\OneDrive\\Bureau\\MONGODB\\Models\\User.js": {"path":"C:\\Users\\a\\OneDrive\\Bureau\\MONGODB\\Models\\User.js","statementMap":{"0":{"start":{"line":1,"column":17},"end":{"line":1,"column":36}},"1":{"start":{"line":2,"column":15},"end":{"line":2,"column":34}},"2":{"start":{"line":4,"column":19},"end":{"line":11,"column":24}},"3":{"start":{"line":14,"column":0},"end":{"line":24,"column":3}},"4":{"start":{"line":15,"column":2},"end":{"line":15,"column":50}},"5":{"start":{"line":15,"column":36},"end":{"line":15,"column":50}},"6":{"start":{"line":17,"column":2},"end":{"line":23,"column":3}},"7":{"start":{"line":18,"column":17},"end":{"line":18,"column":41}},"8":{"start":{"line":19,"column":4},"end":{"line":19,"column":59}},"9":{"start":{"line":20,"column":4},"end":{"line":20,"column":11}},"10":{"start":{"line":22,"column":4},"end":{"line":22,"column":14}},"11":{"start":{"line":27,"column":0},"end":{"line":29,"column":2}},"12":{"start":{"line":28,"column":2},"end":{"line":28,"column":64}},"13":{"start":{"line":32,"column":0},"end":{"line":38,"column":2}},"14":{"start":{"line":33,"column":2},"end":{"line":37,"column":4}},"15":{"start":{"line":40,"column":0},"end":{"line":40,"column":52}}},"fnMap":{"0":{"name":"(anonymous_0)","decl":{"start":{"line":14,"column":23},"end":{"line":14,"column":24}},"loc":{"start":{"line":14,"column":44},"end":{"line":24,"column":1}},"line":14},"1":{"name":"(anonymous_1)","decl":{"start":{"line":27,"column":37},"end":{"line":27,"column":38}},"loc":{"start":{"line":27,"column":71},"end":{"line":29,"column":1}},"line":27},"2":{"name":"(anonymous_2)","decl":{"start":{"line":32,"column":37},"end":{"line":32,"column":38}},"loc":{"start":{"line":32,"column":60},"end":{"line":38,"column":1}},"line":32}},"branchMap":{"0":{"loc":{"start":{"line":15,"column":2},"end":{"line":15,"column":50}},"type":"if","locations":[{"start":{"line":15,"column":2},"end":{"line":15,"column":50}},{"start":{},"end":{}}],"line":15}},"s":{"0":4,"1":4,"2":4,"3":4,"4":6,"5":0,"6":6,"7":6,"8":6,"9":6,"10":0,"11":4,"12":0,"13":4,"14":0,"15":4},"f":{"0":6,"1":0,"2":0},"b":{"0":[0,6]},"_coverageSchema":"1a1c01bbd47fc00a2c39e90264f33305004495a9","hash":"c0e965ee054309becbe6bba759c5f3a802c163e4"}
}
