TN:
SF:Models\ActivityLog.js
FN:16,(anonymous_0)
FN:28,(anonymous_1)
FNF:2
FNH:0
FNDA:0,(anonymous_0)
FNDA:0,(anonymous_1)
DA:1,1
DA:3,1
DA:13,1
DA:16,1
DA:17,0
DA:24,0
DA:28,1
DA:29,0
DA:30,0
DA:32,0
DA:35,1
LF:11
LH:6
BRDA:16,0,0,0
BRDA:29,1,0,0
BRDA:29,1,1,0
BRDA:29,2,0,0
BRDA:29,2,1,0
BRF:5
BRH:0
end_of_record
TN:
SF:Models\Assignment.js
FN:24,(anonymous_0)
FN:41,(anonymous_1)
FN:56,(anonymous_2)
FNF:3
FNH:0
FNDA:0,(anonymous_0)
FNDA:0,(anonymous_1)
FNDA:0,(anonymous_2)
DA:1,1
DA:3,1
DA:21,1
DA:24,1
DA:25,0
DA:41,1
DA:42,0
DA:56,1
DA:57,0
DA:58,0
DA:60,0
DA:63,1
LF:12
LH:7
BRDA:32,0,0,0
BRDA:32,0,1,0
BRDA:57,1,0,0
BRDA:57,1,1,0
BRDA:57,2,0,0
BRDA:57,2,1,0
BRF:6
BRH:0
end_of_record
TN:
SF:Models\File.js
FN:12,(anonymous_0)
FN:21,(anonymous_1)
FN:28,(anonymous_2)
FNF:3
FNH:0
FNDA:0,(anonymous_0)
FNDA:0,(anonymous_1)
FNDA:0,(anonymous_2)
DA:1,2
DA:2,2
DA:4,2
DA:12,2
DA:13,0
DA:14,0
DA:17,0
DA:21,0
DA:22,0
DA:26,0
DA:29,0
DA:38,2
LF:12
LH:5
BRDA:12,0,0,0
BRDA:13,1,0,0
BRDA:13,1,1,0
BRF:3
BRH:0
end_of_record
TN:
SF:Models\Forum.js
FN:24,(anonymous_0)
FN:40,(anonymous_1)
FN:56,(anonymous_2)
FN:58,(anonymous_3)
FN:63,(anonymous_4)
FNF:5
FNH:0
FNDA:0,(anonymous_0)
FNDA:0,(anonymous_1)
FNDA:0,(anonymous_2)
FNDA:0,(anonymous_3)
FNDA:0,(anonymous_4)
DA:1,1
DA:3,1
DA:21,1
DA:24,1
DA:25,0
DA:40,1
DA:41,0
DA:56,1
DA:57,0
DA:58,0
DA:59,0
DA:60,0
DA:62,0
DA:63,0
DA:64,0
DA:65,0
DA:71,0
DA:74,1
LF:18
LH:7
BRDA:57,0,0,0
BRDA:57,0,1,0
BRDA:59,1,0,0
BRDA:59,1,1,0
BRDA:62,2,0,0
BRDA:62,2,1,0
BRDA:64,3,0,0
BRDA:64,3,1,0
BRF:8
BRH:0
end_of_record
TN:
SF:Models\User.js
FN:14,(anonymous_0)
FN:27,(anonymous_1)
FN:32,(anonymous_2)
FNF:3
FNH:1
FNDA:6,(anonymous_0)
FNDA:0,(anonymous_1)
FNDA:0,(anonymous_2)
DA:1,4
DA:2,4
DA:4,4
DA:14,4
DA:15,6
DA:17,6
DA:18,6
DA:19,6
DA:20,6
DA:22,0
DA:27,4
DA:28,0
DA:32,4
DA:33,0
DA:40,4
LF:15
LH:12
BRDA:15,0,0,0
BRDA:15,0,1,6
BRF:2
BRH:1
end_of_record
